<?xml version="1.0" encoding="UTF-8"?>
<testsuite xmlns:xsi="http://www.w3.org/2001/XMLSchema-instance" xsi:noNamespaceSchemaLocation="https://maven.apache.org/surefire/maven-surefire-plugin/xsd/surefire-test-report-3.0.xsd" version="3.0" name="com.example.sprinbgoot.project.demo.DemoApplicationTests" time="4.134" tests="1" errors="0" skipped="0" failures="0">
  <properties>
[...]
</properties>
  <testcase name="contextLoads" classname="com.example.sprinbgoot.project.demo.DemoApplicationTests" time="0.603">
    <system-out><![CDATA[11:07:27.172 [main] INFO org.springframework.test.context.support.AnnotationConfigContextLoaderUtils -- Could not detect default configuration classes for test class [com.example.sprinbgoot.project.demo.DemoApplicationTests]: DemoApplicationTests does not declare any static, non-private, non-final, nested classes annotated with @Configuration.
11:07:27.250 [main] INFO org.springframework.boot.test.context.SpringBootTestContextBootstrapper -- Found @SpringBootConfiguration com.example.sprinbgoot.project.demo.DemoApplication for test class com.example.sprinbgoot.project.demo.DemoApplicationTests
2023-08-08T11:07:29.751+03:00  WARN 26113 --- [           main] JpaBaseConfiguration$JpaWebConfiguration : spring.jpa.open-in-view is enabled by default. Therefore, database queries may be performed during view rendering. Explicitly configure spring.jpa.open-in-view to disable this warning
2023-08-08T11:07:30.025+03:00  WARN 26113 --- [           main] ion$DefaultTemplateResolverConfiguration : Cannot find template location: classpath:/templates/ (please add some templates, check your Thymeleaf configuration, or set spring.thymeleaf.check-template-location=false)
2023-08-08T11:07:30.272+03:00  WARN 26113 --- [           main] .s.s.UserDetailsServiceAutoConfiguration : 

Using generated security password: d8b1229a-c7a4-4c27-8e29-17e590008b90

This generated password is for development use only. Your security configuration must be updated before running your application in production.

]]></system-out>
  </testcase>
</testsuite>